Determining if the pthread_create exist failed with the following output:
Change Dir: /home/skpro19/catkin_ws/build/CMakeFiles/CMakeTmp

Run Build Command:"/usr/bin/make" "cmTC_199cb/fast"
/usr/bin/make -f CMakeFiles/cmTC_199cb.dir/build.make CMakeFiles/cmTC_199cb.dir/build
make[1]: Entering directory '/home/skpro19/catkin_ws/build/CMakeFiles/CMakeTmp'
Building C object CMakeFiles/cmTC_199cb.dir/CheckSymbolExists.c.o
/usr/bin/cc    -o CMakeFiles/cmTC_199cb.dir/CheckSymbolExists.c.o   -c /home/skpro19/catkin_ws/build/CMakeFiles/CMakeTmp/CheckSymbolExists.c
Linking C executable cmTC_199cb
/usr/bin/cmake -E cmake_link_script CMakeFiles/cmTC_199cb.dir/link.txt --verbose=1
/usr/bin/cc      -rdynamic CMakeFiles/cmTC_199cb.dir/CheckSymbolExists.c.o  -o cmTC_199cb 
CMakeFiles/cmTC_199cb.dir/CheckSymbolExists.c.o: In function `main':
CheckSymbolExists.c:(.text+0x1b): undefined reference to `pthread_create'
collect2: error: ld returned 1 exit status
CMakeFiles/cmTC_199cb.dir/build.make:97: recipe for target 'cmTC_199cb' failed
make[1]: *** [cmTC_199cb] Error 1
make[1]: Leaving directory '/home/skpro19/catkin_ws/build/CMakeFiles/CMakeTmp'
Makefile:126: recipe for target 'cmTC_199cb/fast' failed
make: *** [cmTC_199cb/fast] Error 2

File /home/skpro19/catkin_ws/build/CMakeFiles/CMakeTmp/CheckSymbolExists.c:
/* */
#include <pthread.h>

int main(int argc, char** argv)
{
  (void)argv;
#ifndef pthread_create
  return ((int*)(&pthread_create))[argc];
#else
  (void)argc;
  return 0;
#endif
}

Determining if the function pthread_create exists in the pthreads failed with the following output:
Change Dir: /home/skpro19/catkin_ws/build/CMakeFiles/CMakeTmp

Run Build Command:"/usr/bin/make" "cmTC_62d8e/fast"
/usr/bin/make -f CMakeFiles/cmTC_62d8e.dir/build.make CMakeFiles/cmTC_62d8e.dir/build
make[1]: Entering directory '/home/skpro19/catkin_ws/build/CMakeFiles/CMakeTmp'
Building C object CMakeFiles/cmTC_62d8e.dir/CheckFunctionExists.c.o
/usr/bin/cc   -DCHECK_FUNCTION_EXISTS=pthread_create   -o CMakeFiles/cmTC_62d8e.dir/CheckFunctionExists.c.o   -c /usr/share/cmake-3.10/Modules/CheckFunctionExists.c
Linking C executable cmTC_62d8e
/usr/bin/cmake -E cmake_link_script CMakeFiles/cmTC_62d8e.dir/link.txt --verbose=1
/usr/bin/cc  -DCHECK_FUNCTION_EXISTS=pthread_create    -rdynamic CMakeFiles/cmTC_62d8e.dir/CheckFunctionExists.c.o  -o cmTC_62d8e -lpthreads 
/usr/bin/ld: cannot find -lpthreads
collect2: error: ld returned 1 exit status
CMakeFiles/cmTC_62d8e.dir/build.make:97: recipe for target 'cmTC_62d8e' failed
make[1]: *** [cmTC_62d8e] Error 1
make[1]: Leaving directory '/home/skpro19/catkin_ws/build/CMakeFiles/CMakeTmp'
Makefile:126: recipe for target 'cmTC_62d8e/fast' failed
make: *** [cmTC_62d8e/fast] Error 2


